<?xml version="1.0" encoding="UTF-8"?>
<testng-results skipped="0" failed="0" total="1" passed="1">
  <reporter-output>
  </reporter-output>
  <suite name="Surefire suite" duration-ms="7763" started-at="2014-09-03T18:33:01Z" finished-at="2014-09-03T18:33:08Z">
    <groups>
    </groups>
    <test name="Surefire test" duration-ms="7763" started-at="2014-09-03T18:33:01Z" finished-at="2014-09-03T18:33:08Z">
      <class name="com.privacyfix.tests.FirstTest">
        <test-method status="PASS" signature="setUp(java.lang.String)[pri:0, instance:com.privacyfix.tests.FirstTest@19dfb72a]" name="setUp" is-config="true" duration-ms="3252" started-at="2014-09-03T21:32:57Z" finished-at="2014-09-03T21:33:01Z">
          <params>
            <param index="0">
              <value>
                <![CDATA[ff]]>
              </value>
            </param>
          </params>
          <reporter-output>
          </reporter-output>
        </test-method> <!-- setUp -->
        <test-method status="PASS" signature="testMethod()[pri:0, instance:com.privacyfix.tests.FirstTest@19dfb72a]" name="testMethod" duration-ms="7753" started-at="2014-09-03T21:33:01Z" finished-at="2014-09-03T21:33:08Z">
          <reporter-output>
          </reporter-output>
        </test-method> <!-- testMethod -->
        <test-method status="PASS" signature="tearDown()[pri:0, instance:com.privacyfix.tests.FirstTest@19dfb72a]" name="tearDown" is-config="true" duration-ms="0" started-at="2014-09-03T21:33:08Z" finished-at="2014-09-03T21:33:08Z">
          <reporter-output>
          </reporter-output>
        </test-method> <!-- tearDown -->
      </class> <!-- com.privacyfix.tests.FirstTest -->
    </test> <!-- Surefire test -->
  </suite> <!-- Surefire suite -->
</testng-results>
